Step: build-step-credential-initializer:

{"level":"warn","ts":1554101454.3110228,"logger":"fallback-logger","caller":"logging/config.go:65","msg":"Fetch GitHub commit ID from kodata failed: \"ref: refs/heads/test\" is not a valid GitHub commit ID"}
{"level":"info","ts":1554101454.31147,"logger":"fallback-logger","caller":"creds-init/main.go:40","msg":"Credentials initialized."}
Step: build-step-git-source-0:

{"level":"warn","ts":1554101455.0348866,"logger":"fallback-logger","caller":"logging/config.go:65","msg":"Fetch GitHub commit ID from kodata failed: \"ref: refs/heads/test\" is not a valid GitHub commit ID"}
{"level":"info","ts":1554101455.7721753,"logger":"fallback-logger","caller":"git-init/main.go:92","msg":"Successfully cloned \"https://github.com/******/bdd-nh-1554101389.git\" @ \"master\" in path \"/workspace\""}
Step: build-step-jenkins:

Picked up _JAVA_OPTIONS: -Xmx400m
Started
Running in Durability level: PERFORMANCE_OPTIMIZED
  48.253 [id=35]	WARNING	i.f.k.c.i.VersionUsageUtils#alert: The client is using resource type 'customresourcedefinitions' with unstable version 'v1beta1'
[Pipeline] Start of Pipeline
[Pipeline] node
Running on Jenkins in /tmp/jenkinsTests.tmp/jenkins3130335598773024409test/workspace/job
[Pipeline] {
[Pipeline] stage
[Pipeline] { (Declarative: Checkout SCM)
[Pipeline] checkout
[Pipeline] }
[Pipeline] // stage
[Pipeline] withCredentials
[Pipeline] {
[Pipeline] withEnv
[Pipeline] {
[Pipeline] stage
[Pipeline] { (CI Build and push snapshot)
Stage "CI Build and push snapshot" skipped due to when conditional
[Pipeline] }
[Pipeline] // stage
[Pipeline] stage
[Pipeline] { (Build Release)
[Pipeline] git
 > git rev-parse --is-inside-work-tree # timeout=10
Fetching changes from the remote Git repository
 > git config remote.origin.url https://github.com/******/bdd-nh-1554101389.git # timeout=10
Fetching upstream changes from https://github.com/******/bdd-nh-1554101389.git
 > git --version # timeout=10
 > git fetch --tags --progress https://github.com/******/bdd-nh-1554101389.git +refs/heads/*:refs/remotes/origin/*
 > git rev-parse refs/remotes/origin/master^{commit} # timeout=10
 > git rev-parse refs/remotes/origin/origin/master^{commit} # timeout=10
Checking out Revision 1d29dc42b9fe282d8078ca995ba4c8ebec321bf1 (refs/remotes/origin/master)
 > git config core.sparsecheckout # timeout=10
 > git checkout -f 1d29dc42b9fe282d8078ca995ba4c8ebec321bf1
 > git branch -a -v --no-abbrev # timeout=10
 > git branch -D master # timeout=10
 > git checkout -b master 1d29dc42b9fe282d8078ca995ba4c8ebec321bf1
Commit message: "Draft create"
First time build. Skipping changelog.
[Pipeline] sh
+ **-release-version
+ echo 0.0.1
[Pipeline] sh
+ cat VERSION
+ ** step tag --version 0.0.1
Tag v0.0.1 created and pushed to remote origin
[Pipeline] sh
+ npm install
npm notice created a lockfile as package-lock.json. You should commit this file.
npm WARN REPLACE_ME@1.0.0 No repository field.
npm WARN REPLACE_ME@1.0.0 No license field.

up to date in 0.384s
[Pipeline] sh
+ CI=true DISPLAY=:99 npm test

> REPLACE_ME@1.0.0 test /tmp/jenkinsTests.tmp/jenkins3130335598773024409test/workspace/job
> echo "no test specified" && exit 0

no test specified
[Pipeline] sh
+ cat VERSION
+ export VERSION=0.0.1
+ skaffold build -f skaffold.yaml
time="2019-04-01T06:54:00Z" level=warning msg="config version (skaffold/v1beta2) out of date: upgrading to latest (skaffold/v1beta6)"
Generating Tag for [changeme]...
Starting build...
Building [changeme]...
Sending build context to Docker daemon  107.5kB
Step 1/6 : FROM node:9-slim
9-slim: Pulling from library/node
5bba3ecb4cd6: Pulling fs layer
196b8e3c919d: Pulling fs layer
7d083412657b: Pulling fs layer
a88538b9cd05: Pulling fs layer
e01bd28a434b: Pulling fs layer
a88538b9cd05: Waiting
e01bd28a434b: Waiting
196b8e3c919d: Verifying Checksum
196b8e3c919d: Download complete
7d083412657b: Verifying Checksum
7d083412657b: Download complete
5bba3ecb4cd6: Verifying Checksum
5bba3ecb4cd6: Download complete
e01bd28a434b: Verifying Checksum
e01bd28a434b: Download complete
a88538b9cd05: Verifying Checksum
a88538b9cd05: Download complete
5bba3ecb4cd6: Pull complete
196b8e3c919d: Pull complete
7d083412657b: Pull complete
a88538b9cd05: Pull complete
e01bd28a434b: Pull complete
Digest: sha256:288b29c1925d65b2d7d8701f8ada201e7dcd066438c0fb4299c35dff129b893f
Status: Downloaded newer image for node:9-slim
 ---> e20bb4abe4ee
Step 2/6 : ENV PORT 8080
 ---> Running in aaacd131c638
 ---> 0ac7a21c5096
Step 3/6 : EXPOSE 8080
 ---> Running in 2e2a48ff8e24
 ---> 36da065591c1
Step 4/6 : WORKDIR /usr/src/app
 ---> 024a88013a77
Step 5/6 : COPY . .
 ---> 85cf5b6b0483
Step 6/6 : CMD npm start
 ---> Running in 93ec340313af
 ---> 49cf3a9351b9
Successfully built 49cf3a9351b9
The push refers to a repository [10.31.243.7:5000/******/bdd-nh-1554101389]
ec869cd89f68: Preparing
0ec332e839b9: Preparing
e16c226cf2a8: Preparing
7fd597d009e4: Preparing
7c6ab5fb7059: Preparing
ed271eac23e9: Preparing
156ff16f37e4: Preparing
ed271eac23e9: Waiting
156ff16f37e4: Waiting
0ec332e839b9: Pushed
ec869cd89f68: Pushed
7c6ab5fb7059: Pushed
ed271eac23e9: Pushed
e16c226cf2a8: Pushed
156ff16f37e4: Pushed
7fd597d009e4: Pushed
0.0.1: digest: sha256:48afd3f6c192eebe850a95946d08bd7df94b05d08111bb66186da42c5b9eb5e9 size: 1786
Build complete in 24.968765267s
Starting test...
Test complete in 9.261µs
changeme -> 10.31.243.7:5000/******/bdd-nh-1554101389:0.0.1@sha256:48afd3f6c192eebe850a95946d08bd7df94b05d08111bb66186da42c5b9eb5e9
There is a new version (0.26.0) of Skaffold available. Download it at https://storage.googleapis.com/skaffold/releases/latest/skaffold-linux-amd64

[Pipeline] sh
+ cat VERSION
+ ** step post build --image 10.31.243.7:5000/******/bdd-nh-1554101389:0.0.1
[Pipeline] }
[Pipeline] // stage
[Pipeline] stage
[Pipeline] { (Promote to Environments)
[Pipeline] dir
Running in /tmp/jenkinsTests.tmp/jenkins3130335598773024409test/workspace/job/charts/bdd-nh-1554101389
[Pipeline] {
[Pipeline] sh
+ cat ../../VERSION
+ ** step changelog --batch-mode --version v0.0.1
Converted /tmp/jenkinsTests.tmp/jenkins3130335598773024409test/workspace/job/charts/bdd-nh-1554101389 to an unshallow repository
Generating change log from git ref 1d29dc42b9fe282d8078ca995ba4c8ebec321bf1 => e9b2d626ec53c99c9512c2b1cdea0ccb8d26a6bc
Failed to enrich commits with issues: User.jenkins.io "" is invalid: metadata.name: Required value: name or generateName is required
Failed to enrich commits with issues: User.jenkins.io "" is invalid: metadata.name: Required value: name or generateName is required
Finding issues in commit messages using git format
No release found for ******/bdd-nh-1554101389 and tag v0.0.1 so creating a new release
Updated the release information at https://github.com/******/bdd-nh-1554101389/releases/tag/v0.0.1
generated: /tmp/jenkinsTests.tmp/jenkins3130335598773024409test/workspace/job/charts/bdd-nh-1554101389/templates/release.yaml
Created Release bdd-nh-1554101389-0-0-1 resource in namespace **
Updating PipelineActivity ******-bdd-nh-1554101389-master-1 with version 0.0.1
Updated PipelineActivities ******-bdd-nh-1554101389-master-1 with release notes URL: https://github.com/******/bdd-nh-1554101389/releases/tag/v0.0.1
[Pipeline] sh
+ ** step helm release
No $CHART_REPOSITORY defined so using the default value of: http://jenkins-x-chartmuseum:8080
Adding missing Helm repo: jenkins-x http://chartmuseum.jenkins-x.io
Successfully added Helm repository jenkins-x.
Adding missing Helm repo: releases http://jenkins-x-chartmuseum:8080
Successfully added Helm repository releases.
No $CHART_REPOSITORY defined so using the default value of: http://jenkins-x-chartmuseum:8080
Uploading chart file bdd-nh-1554101389-0.0.1.tgz to http://jenkins-x-chartmuseum:8080/api/charts
Received 201 response: {"saved":true}
[Pipeline] sh
+ cat ../../VERSION
+ ** promote -b --all-auto --timeout 1h --version 0.0.1
prow based install so skip waiting for the merge of Pull Requests to go green as currently there is an issue with gettingstatuses from the PR, see https://github.com/jenkins-x/**/issues/2410
Promoting app bdd-nh-1554101389 version 0.0.1 to namespace **-staging
Created Pull Request: https://github.com/******/environment-dani-**-dev-cluster-staging/pull/3

Pull Request https://github.com/******/environment-dani-**-dev-cluster-staging/pull/3 is merged at sha 451a51006e96ef889f039d6dc5e5b1aabfa860a0
Pull Request merged but we are not waiting for the update pipeline to complete!
Could not find the service URL in namespace **-staging for names bdd-nh-1554101389, **-bdd-nh-1554101389, **-staging-bdd-nh-1554101389
[Pipeline] }
[Pipeline] // dir
[Pipeline] }
[Pipeline] // stage
[Pipeline] }
[Pipeline] // withEnv
[Pipeline] }
[Pipeline] // withCredentials
[Pipeline] }
[Pipeline] // node
[Pipeline] End of Pipeline
Finished: SUCCESS
