Step: build-step-credential-initializer:

{"level":"warn","ts":1554101452.7147624,"logger":"fallback-logger","caller":"logging/config.go:65","msg":"Fetch GitHub commit ID from kodata failed: \"ref: refs/heads/test\" is not a valid GitHub commit ID"}
{"level":"info","ts":1554101452.715125,"logger":"fallback-logger","caller":"creds-init/main.go:40","msg":"Credentials initialized."}
Step: build-step-git-source-0:

{"level":"warn","ts":1554101454.9520125,"logger":"fallback-logger","caller":"logging/config.go:65","msg":"Fetch GitHub commit ID from kodata failed: \"ref: refs/heads/test\" is not a valid GitHub commit ID"}
{"level":"info","ts":1554101455.7075667,"logger":"fallback-logger","caller":"git-init/main.go:92","msg":"Successfully cloned \"https://github.com/******/bdd-gh-1554101389.git\" @ \"master\" in path \"/workspace\""}
Step: build-step-jenkins:

Picked up _JAVA_OPTIONS: -Xmx400m
Started
Running in Durability level: PERFORMANCE_OPTIMIZED
  16.054 [id=38]	WARNING	i.f.k.c.i.VersionUsageUtils#alert: The client is using resource type 'customresourcedefinitions' with unstable version 'v1beta1'
[Pipeline] Start of Pipeline
[Pipeline] node
Running on Jenkins in /tmp/jenkinsTests.tmp/jenkins8941455239750128793test/workspace/job
[Pipeline] {
[Pipeline] stage
[Pipeline] { (Declarative: Checkout SCM)
[Pipeline] checkout
[Pipeline] }
[Pipeline] // stage
[Pipeline] withCredentials
[Pipeline] {
[Pipeline] withEnv
[Pipeline] {
[Pipeline] stage
[Pipeline] { (CI Build and push snapshot)
Stage "CI Build and push snapshot" skipped due to when conditional
[Pipeline] }
[Pipeline] // stage
[Pipeline] stage
[Pipeline] { (Build Release)
[Pipeline] dir
Running in /home/jenkins/go/src/github.com/******/bdd-gh-1554101389
[Pipeline] {
[Pipeline] git
Cloning the remote Git repository
Cloning repository https://github.com/******/bdd-gh-1554101389.git
 > git init /home/jenkins/go/src/github.com/******/bdd-gh-1554101389 # timeout=10
Fetching upstream changes from https://github.com/******/bdd-gh-1554101389.git
 > git --version # timeout=10
 > git fetch --tags --progress https://github.com/******/bdd-gh-1554101389.git +refs/heads/*:refs/remotes/origin/*
 > git config remote.origin.url https://github.com/******/bdd-gh-1554101389.git # timeout=10
 > git config --add remote.origin.fetch +refs/heads/*:refs/remotes/origin/* # timeout=10
 > git config remote.origin.url https://github.com/******/bdd-gh-1554101389.git # timeout=10
Fetching upstream changes from https://github.com/******/bdd-gh-1554101389.git
 > git fetch --tags --progress https://github.com/******/bdd-gh-1554101389.git +refs/heads/*:refs/remotes/origin/*
 > git rev-parse refs/remotes/origin/master^{commit} # timeout=10
 > git rev-parse refs/remotes/origin/origin/master^{commit} # timeout=10
Checking out Revision e2a2ef630ee69c558fbab4b3adc74a8cbf046a30 (refs/remotes/origin/master)
 > git config core.sparsecheckout # timeout=10
 > git checkout -f e2a2ef630ee69c558fbab4b3adc74a8cbf046a30
 > git branch -a -v --no-abbrev # timeout=10
 > git checkout -b master e2a2ef630ee69c558fbab4b3adc74a8cbf046a30
Commit message: "Draft create"
First time build. Skipping changelog.
[Pipeline] sh
+ **-release-version
+ echo 0.0.1
[Pipeline] sh
+ cat VERSION
+ ** step tag --version 0.0.1
Tag v0.0.1 created and pushed to remote origin
[Pipeline] sh
+ make build
CGO_ENABLED=0 GO15VENDOREXPERIMENT=1 go build -ldflags '' -o bin/bdd-gh-1554101389 main.go
[Pipeline] sh
+ cat VERSION
+ export VERSION=0.0.1
+ skaffold build -f skaffold.yaml
time="2019-04-01T06:53:24Z" level=warning msg="config version (skaffold/v1beta2) out of date: upgrading to latest (skaffold/v1beta6)"
Generating Tag for [changeme]...
Starting build...
Building [changeme]...
Sending build context to Docker daemon  525.8kBSending build context to Docker daemon  6.502MB
Step 1/4 : FROM scratch
 ---> 
Step 2/4 : EXPOSE 8080
 ---> Running in eaa5bdeeee38
 ---> 2a3f621bf9fe
Step 3/4 : ENTRYPOINT /bdd-gh-1554101389
 ---> Running in b9828946dc5e
 ---> 057fcb141c9d
Step 4/4 : COPY ./bin/ /
 ---> 4b8fffca48f7
Successfully built 4b8fffca48f7
The push refers to a repository [10.31.243.7:5000/******/bdd-gh-1554101389]
9aac70134a4f: Preparing
9aac70134a4f: Pushed
0.0.1: digest: sha256:90d0b7710334fbf845585a3e54486c52ff7eb9d38b840b937bf99a68d1e6fed9 size: 528
Build complete in 7.56112671s
Starting test...
Test complete in 7.111µs
changeme -> 10.31.243.7:5000/******/bdd-gh-1554101389:0.0.1@sha256:90d0b7710334fbf845585a3e54486c52ff7eb9d38b840b937bf99a68d1e6fed9
There is a new version (0.26.0) of Skaffold available. Download it at https://storage.googleapis.com/skaffold/releases/latest/skaffold-linux-amd64

[Pipeline] sh
+ cat VERSION
+ ** step post build --image 10.31.243.7:5000/******/bdd-gh-1554101389:0.0.1
[Pipeline] }
[Pipeline] // dir
[Pipeline] }
[Pipeline] // stage
[Pipeline] stage
[Pipeline] { (Promote to Environments)
[Pipeline] dir
Running in /home/jenkins/go/src/github.com/******/bdd-gh-1554101389/charts/bdd-gh-1554101389
[Pipeline] {
[Pipeline] sh
+ cat ../../VERSION
+ ** step changelog --version v0.0.1
Using batch mode as inside a pipeline
Generating change log from git ref e2a2ef630ee69c558fbab4b3adc74a8cbf046a30 => 27fa0368d9bd89c4a85f7563cf64fe6ccb1b654f
Failed to enrich commits with issues: User.jenkins.io "" is invalid: metadata.name: Required value: name or generateName is required
Failed to enrich commits with issues: User.jenkins.io "" is invalid: metadata.name: Required value: name or generateName is required
Finding issues in commit messages using git format
No release found for ******/bdd-gh-1554101389 and tag v0.0.1 so creating a new release
Updated the release information at https://github.com/******/bdd-gh-1554101389/releases/tag/v0.0.1
generated: /home/jenkins/go/src/github.com/******/bdd-gh-1554101389/charts/bdd-gh-1554101389/templates/release.yaml
Created Release bdd-gh-1554101389-0-0-1 resource in namespace **
Updating PipelineActivity ******-bdd-gh-1554101389-master-1 with version 0.0.1
Updated PipelineActivities ******-bdd-gh-1554101389-master-1 with release notes URL: https://github.com/******/bdd-gh-1554101389/releases/tag/v0.0.1
[Pipeline] sh
+ ** step helm release
No $CHART_REPOSITORY defined so using the default value of: http://jenkins-x-chartmuseum:8080
Adding missing Helm repo: jenkins-x http://chartmuseum.jenkins-x.io
Successfully added Helm repository jenkins-x.
Adding missing Helm repo: releases http://jenkins-x-chartmuseum:8080
Successfully added Helm repository releases.
No $CHART_REPOSITORY defined so using the default value of: http://jenkins-x-chartmuseum:8080
Uploading chart file bdd-gh-1554101389-0.0.1.tgz to http://jenkins-x-chartmuseum:8080/api/charts
Received 201 response: {"saved":true}
[Pipeline] sh
+ cat ../../VERSION
+ ** promote -b --all-auto --timeout 1h --version 0.0.1
prow based install so skip waiting for the merge of Pull Requests to go green as currently there is an issue with gettingstatuses from the PR, see https://github.com/jenkins-x/**/issues/2410
Promoting app bdd-gh-1554101389 version 0.0.1 to namespace **-staging
Created Pull Request: https://github.com/******/environment-dani-**-dev-cluster-staging/pull/1

Failed to merge the Pull Request https://github.com/******/environment-dani-**-dev-cluster-staging/pull/1 due to PUT https://api.github.com/repos/******/environment-dani-**-dev-cluster-staging/pulls/1/merge: 405 Pull Request is not mergeable [] maybe I don't have karma?
Rebasing PullRequest due to conflict
Created Pull Request: https://github.com/******/environment-dani-**-dev-cluster-staging/pull/6

Pull Request https://github.com/******/environment-dani-**-dev-cluster-staging/pull/6 is merged at sha 2db21e0f8146eb98f7ff56f2397b71d20db6beb8
Pull Request merged but we are not waiting for the update pipeline to complete!
Could not find the service URL in namespace **-staging for names bdd-gh-1554101389, **-bdd-gh-1554101389, **-staging-bdd-gh-1554101389
[Pipeline] }
[Pipeline] // dir
[Pipeline] }
[Pipeline] // stage
[Pipeline] }
[Pipeline] // withEnv
[Pipeline] }
[Pipeline] // withCredentials
[Pipeline] }
[Pipeline] // node
[Pipeline] End of Pipeline
